<?xml version="1.0" encoding="UTF-8"?>
<!-- Generated by org.testng.reporters.JUnitReportReporter -->
<testsuite hostname="LAPTOP-G9V09L7D" failures="0" tests="1" name="rakibul.Google" time="7.815" errors="0" timestamp="2024-02-14T18:36:33 BDT" skipped="0">
  <testcase classname="rakibul.Google" name="googleTest" time="7.815"/>
  <system-out/>
</testsuite> <!-- rakibul.Google -->
