<?xml version="1.0" encoding="UTF-8"?>
<!-- Generated by org.testng.reporters.JUnitReportReporter -->
<testsuite hostname="LAPTOP-G9V09L7D" failures="0" tests="1" name="rakibul.NavigationHandling" time="44.695" errors="0" timestamp="2024-02-18T17:12:59 BDT" skipped="0">
  <testcase classname="rakibul.NavigationHandling" name="dropDownTest" time="44.695"/>
  <system-out/>
</testsuite> <!-- rakibul.NavigationHandling -->
