<?xml version="1.0" encoding="UTF-8"?>
<!-- Generated by org.testng.reporters.JUnitReportReporter -->
<testsuite hostname="LAPTOP-G9V09L7D" failures="0" tests="1" name="rakibul.WindowOrTabHandling" time="10.641" errors="0" timestamp="2024-02-20T13:10:10 BDT" skipped="0">
  <testcase classname="rakibul.WindowOrTabHandling" name="tabWindowTest" time="10.641"/>
  <system-out/>
</testsuite> <!-- rakibul.WindowOrTabHandling -->
