<?xml version="1.0" encoding="UTF-8"?>
<!-- Generated by org.testng.reporters.JUnitReportReporter -->
<testsuite hostname="LAPTOP-G9V09L7D" failures="0" tests="1" name="rakibul.VisibilityCheck" time="18.392" errors="0" timestamp="2024-02-20T11:24:25 BDT" skipped="0">
  <testcase classname="rakibul.VisibilityCheck" name="alertTest" time="18.392"/>
  <system-out/>
</testsuite> <!-- rakibul.VisibilityCheck -->
