<?xml version="1.0" encoding="UTF-8"?>
<!-- Generated by org.testng.reporters.JUnitReportReporter -->
<testsuite hostname="LAPTOP-G9V09L7D" failures="0" tests="1" name="rakibul.AlertExample" time="18.305" errors="0" timestamp="2024-02-20T11:14:25 BDT" skipped="0">
  <testcase classname="rakibul.AlertExample" name="alertTest" time="18.305"/>
  <system-out/>
</testsuite> <!-- rakibul.AlertExample -->
