<?xml version="1.0" encoding="UTF-8"?>
<!-- Generated by org.testng.reporters.JUnitReportReporter -->
<testsuite hostname="LAPTOP-G9V09L7D" failures="0" tests="1" name="rakibul.QAVBOXDemo" time="4.974" errors="0" timestamp="2024-02-15T14:56:37 BDT" skipped="0">
  <testcase classname="rakibul.QAVBOXDemo" name="dropDownTest" time="4.974"/>
  <system-out/>
</testsuite> <!-- rakibul.QAVBOXDemo -->
