<?xml version="1.0" encoding="UTF-8"?>
<!-- Generated by org.testng.reporters.JUnitReportReporter -->
<testsuite hostname="LAPTOP-G9V09L7D" failures="0" tests="1" name="rakibul.KeyboardHandling" time="59.004" errors="0" timestamp="2024-02-18T16:11:06 BDT" skipped="0">
  <testcase classname="rakibul.KeyboardHandling" name="Keyboardtest" time="59.004"/>
  <system-out/>
</testsuite> <!-- rakibul.KeyboardHandling -->
