<?xml version="1.0" encoding="UTF-8"?>
<!-- Generated by org.testng.reporters.JUnitReportReporter -->
<testsuite hostname="LAPTOP-G9V09L7D" failures="0" tests="1" name="rakibul.DropDownExample" time="5.080" errors="0" timestamp="2024-02-15T14:54:07 BDT" skipped="0">
  <testcase classname="rakibul.DropDownExample" name="dropDownTest" time="5.080"/>
  <system-out/>
</testsuite> <!-- rakibul.DropDownExample -->
